2016-12-11 23:37:41,608 - Velocimacro : error using  VM library template VM_global_library.vm : org.apache.velocity.exception.ResourceNotFoundException: Unable to find resource 'VM_global_library.vm'
2016-12-11 23:37:41,608 - Velocimacro :  VM library template macro registration complete.
2016-12-11 23:37:41,608 - Velocimacro : allowInline = true : VMs can be defined inline in templates
2016-12-11 23:37:41,608 - Velocimacro : allowInlineToOverride = false : VMs defined inline may NOT replace previous VM definitions
2016-12-11 23:37:41,608 - Velocimacro : allowInlineLocal = false : VMs defined inline will be  global in scope if allowed.
2016-12-11 23:37:41,608 - Velocimacro : messages on  : VM system will output logging messages
2016-12-11 23:37:41,608 - Velocimacro : autoload off  : VM system will not automatically reload global library macros
2016-12-11 23:37:41,608 - Velocimacro : initialization complete.
2016-12-11 23:37:41,608 - Velocity successfully started.
2016-12-11 23:40:53,927 - SimpleLog4JLogSystem initialized using logfile 'velocity.log'
2016-12-11 23:40:53,928 - ************************************************************** 
2016-12-11 23:40:53,928 - Starting Jakarta Velocity v1.4
2016-12-11 23:40:53,928 - RuntimeInstance initializing.
2016-12-11 23:40:53,928 - Default Properties File: org/apache/velocity/runtime/defaults/velocity.properties
2016-12-11 23:40:53,928 - Trying to use logger class org.apache.velocity.runtime.log.SimpleLog4JLogSystem
2016-12-11 23:40:53,928 - Using logger class org.apache.velocity.runtime.log.SimpleLog4JLogSystem
2016-12-11 23:40:53,930 - Default ResourceManager initializing. (class org.apache.velocity.runtime.resource.ResourceManagerImpl)
2016-12-11 23:40:53,931 - Resource Loader Instantiated: org.apache.velocity.runtime.resource.loader.ClasspathResourceLoader
2016-12-11 23:40:53,931 - ClasspathResourceLoader : initialization starting.
2016-12-11 23:40:53,931 - ClasspathResourceLoader : initialization complete.
2016-12-11 23:40:53,932 - ResourceCache : initialized. (class org.apache.velocity.runtime.resource.ResourceCacheImpl)
2016-12-11 23:40:53,932 - Default ResourceManager initialization complete.
2016-12-11 23:40:53,934 - Loaded System Directive: org.apache.velocity.runtime.directive.Literal
2016-12-11 23:40:53,935 - Loaded System Directive: org.apache.velocity.runtime.directive.Macro
2016-12-11 23:40:53,936 - Loaded System Directive: org.apache.velocity.runtime.directive.Parse
2016-12-11 23:40:53,938 - Loaded System Directive: org.apache.velocity.runtime.directive.Include
2016-12-11 23:40:53,938 - Loaded System Directive: org.apache.velocity.runtime.directive.Foreach
2016-12-11 23:40:53,954 - Created: 20 parsers.
2016-12-11 23:40:53,967 - Velocimacro : initialization starting.
2016-12-11 23:40:53,967 - Velocimacro : adding VMs from VM library template : VM_global_library.vm
2016-12-11 23:40:53,969 - ResourceManager : unable to find resource 'VM_global_library.vm' in any resource loader.
2016-12-11 23:40:53,969 - Velocimacro : error using  VM library template VM_global_library.vm : org.apache.velocity.exception.ResourceNotFoundException: Unable to find resource 'VM_global_library.vm'
2016-12-11 23:40:53,969 - Velocimacro :  VM library template macro registration complete.
2016-12-11 23:40:53,969 - Velocimacro : allowInline = true : VMs can be defined inline in templates
2016-12-11 23:40:53,969 - Velocimacro : allowInlineToOverride = false : VMs defined inline may NOT replace previous VM definitions
2016-12-11 23:40:53,969 - Velocimacro : allowInlineLocal = false : VMs defined inline will be  global in scope if allowed.
2016-12-11 23:40:53,969 - Velocimacro : messages on  : VM system will output logging messages
2016-12-11 23:40:53,969 - Velocimacro : autoload off  : VM system will not automatically reload global library macros
2016-12-11 23:40:53,969 - Velocimacro : initialization complete.
2016-12-11 23:40:53,969 - Velocity successfully started.
2016-12-11 23:41:41,390 - SimpleLog4JLogSystem initialized using logfile 'velocity.log'
2016-12-11 23:41:41,390 - ************************************************************** 
2016-12-11 23:41:41,390 - Starting Jakarta Velocity v1.4
2016-12-11 23:41:41,390 - RuntimeInstance initializing.
2016-12-11 23:41:41,390 - Default Properties File: org/apache/velocity/runtime/defaults/velocity.properties
2016-12-11 23:41:41,390 - Trying to use logger class org.apache.velocity.runtime.log.SimpleLog4JLogSystem
2016-12-11 23:41:41,390 - Using logger class org.apache.velocity.runtime.log.SimpleLog4JLogSystem
2016-12-11 23:41:41,392 - Default ResourceManager initializing. (class org.apache.velocity.runtime.resource.ResourceManagerImpl)
2016-12-11 23:41:41,393 - Resource Loader Instantiated: org.apache.velocity.runtime.resource.loader.ClasspathResourceLoader
2016-12-11 23:41:41,394 - ClasspathResourceLoader : initialization starting.
2016-12-11 23:41:41,394 - ClasspathResourceLoader : initialization complete.
2016-12-11 23:41:41,395 - ResourceCache : initialized. (class org.apache.velocity.runtime.resource.ResourceCacheImpl)
2016-12-11 23:41:41,395 - Default ResourceManager initialization complete.
2016-12-11 23:41:41,396 - Loaded System Directive: org.apache.velocity.runtime.directive.Literal
2016-12-11 23:41:41,397 - Loaded System Directive: org.apache.velocity.runtime.directive.Macro
2016-12-11 23:41:41,398 - Loaded System Directive: org.apache.velocity.runtime.directive.Parse
2016-12-11 23:41:41,400 - Loaded System Directive: org.apache.velocity.runtime.directive.Include
2016-12-11 23:41:41,400 - Loaded System Directive: org.apache.velocity.runtime.directive.Foreach
2016-12-11 23:41:41,424 - Created: 20 parsers.
2016-12-11 23:41:41,429 - Velocimacro : initialization starting.
2016-12-11 23:41:41,429 - Velocimacro : adding VMs from VM library template : VM_global_library.vm
2016-12-11 23:41:41,431 - ResourceManager : unable to find resource 'VM_global_library.vm' in any resource loader.
2016-12-11 23:41:41,431 - Velocimacro : error using  VM library template VM_global_library.vm : org.apache.velocity.exception.ResourceNotFoundException: Unable to find resource 'VM_global_library.vm'
2016-12-11 23:41:41,431 - Velocimacro :  VM library template macro registration complete.
2016-12-11 23:41:41,431 - Velocimacro : allowInline = true : VMs can be defined inline in templates
2016-12-11 23:41:41,431 - Velocimacro : allowInlineToOverride = false : VMs defined inline may NOT replace previous VM definitions
2016-12-11 23:41:41,431 - Velocimacro : allowInlineLocal = false : VMs defined inline will be  global in scope if allowed.
2016-12-11 23:41:41,431 - Velocimacro : messages on  : VM system will output logging messages
2016-12-11 23:41:41,431 - Velocimacro : autoload off  : VM system will not automatically reload global library macros
2016-12-11 23:41:41,431 - Velocimacro : initialization complete.
2016-12-11 23:41:41,431 - Velocity successfully started.
2016-12-11 23:42:04,284 - SimpleLog4JLogSystem initialized using logfile 'velocity.log'
2016-12-11 23:42:04,285 - ************************************************************** 
2016-12-11 23:42:04,285 - Starting Jakarta Velocity v1.4
2016-12-11 23:42:04,285 - RuntimeInstance initializing.
2016-12-11 23:42:04,285 - Default Properties File: org/apache/velocity/runtime/defaults/velocity.properties
2016-12-11 23:42:04,285 - Trying to use logger class org.apache.velocity.runtime.log.SimpleLog4JLogSystem
2016-12-11 23:42:04,285 - Using logger class org.apache.velocity.runtime.log.SimpleLog4JLogSystem
2016-12-11 23:42:04,287 - Default ResourceManager initializing. (class org.apache.velocity.runtime.resource.ResourceManagerImpl)
2016-12-11 23:42:04,288 - Resource Loader Instantiated: org.apache.velocity.runtime.resource.loader.ClasspathResourceLoader
2016-12-11 23:42:04,288 - ClasspathResourceLoader : initialization starting.
2016-12-11 23:42:04,288 - ClasspathResourceLoader : initialization complete.
2016-12-11 23:42:04,289 - ResourceCache : initialized. (class org.apache.velocity.runtime.resource.ResourceCacheImpl)
2016-12-11 23:42:04,289 - Default ResourceManager initialization complete.
2016-12-11 23:42:04,291 - Loaded System Directive: org.apache.velocity.runtime.directive.Literal
2016-12-11 23:42:04,292 - Loaded System Directive: org.apache.velocity.runtime.directive.Macro
2016-12-11 23:42:04,293 - Loaded System Directive: org.apache.velocity.runtime.directive.Parse
2016-12-11 23:42:04,294 - Loaded System Directive: org.apache.velocity.runtime.directive.Include
2016-12-11 23:42:04,295 - Loaded System Directive: org.apache.velocity.runtime.directive.Foreach
2016-12-11 23:42:04,321 - Created: 20 parsers.
2016-12-11 23:42:04,326 - Velocimacro : initialization starting.
2016-12-11 23:42:04,326 - Velocimacro : adding VMs from VM library template : VM_global_library.vm
2016-12-11 23:42:04,328 - ResourceManager : unable to find resource 'VM_global_library.vm' in any resource loader.
2016-12-11 23:42:04,328 - Velocimacro : error using  VM library template VM_global_library.vm : org.apache.velocity.exception.ResourceNotFoundException: Unable to find resource 'VM_global_library.vm'
2016-12-11 23:42:04,328 - Velocimacro :  VM library template macro registration complete.
2016-12-11 23:42:04,328 - Velocimacro : allowInline = true : VMs can be defined inline in templates
2016-12-11 23:42:04,328 - Velocimacro : allowInlineToOverride = false : VMs defined inline may NOT replace previous VM definitions
2016-12-11 23:42:04,328 - Velocimacro : allowInlineLocal = false : VMs defined inline will be  global in scope if allowed.
2016-12-11 23:42:04,328 - Velocimacro : messages on  : VM system will output logging messages
2016-12-11 23:42:04,328 - Velocimacro : autoload off  : VM system will not automatically reload global library macros
2016-12-11 23:42:04,328 - Velocimacro : initialization complete.
2016-12-11 23:42:04,328 - Velocity successfully started.
2016-12-11 23:45:04,452 - SimpleLog4JLogSystem initialized using logfile 'velocity.log'
2016-12-11 23:45:04,452 - ************************************************************** 
2016-12-11 23:45:04,452 - Starting Jakarta Velocity v1.4
2016-12-11 23:45:04,452 - RuntimeInstance initializing.
2016-12-11 23:45:04,452 - Default Properties File: org/apache/velocity/runtime/defaults/velocity.properties
2016-12-11 23:45:04,452 - Trying to use logger class org.apache.velocity.runtime.log.SimpleLog4JLogSystem
2016-12-11 23:45:04,452 - Using logger class org.apache.velocity.runtime.log.SimpleLog4JLogSystem
2016-12-11 23:45:04,455 - Default ResourceManager initializing. (class org.apache.velocity.runtime.resource.ResourceManagerImpl)
2016-12-11 23:45:04,457 - Resource Loader Instantiated: org.apache.velocity.runtime.resource.loader.ClasspathResourceLoader
2016-12-11 23:45:04,457 - ClasspathResourceLoader : initialization starting.
2016-12-11 23:45:04,457 - ClasspathResourceLoader : initialization complete.
2016-12-11 23:45:04,458 - ResourceCache : initialized. (class org.apache.velocity.runtime.resource.ResourceCacheImpl)
2016-12-11 23:45:04,459 - Default ResourceManager initialization complete.
2016-12-11 23:45:04,460 - Loaded System Directive: org.apache.velocity.runtime.directive.Literal
2016-12-11 23:45:04,461 - Loaded System Directive: org.apache.velocity.runtime.directive.Macro
2016-12-11 23:45:04,463 - Loaded System Directive: org.apache.velocity.runtime.directive.Parse
2016-12-11 23:45:04,464 - Loaded System Directive: org.apache.velocity.runtime.directive.Include
2016-12-11 23:45:04,465 - Loaded System Directive: org.apache.velocity.runtime.directive.Foreach
2016-12-11 23:45:04,483 - Created: 20 parsers.
2016-12-11 23:45:04,496 - Velocimacro : initialization starting.
2016-12-11 23:45:04,496 - Velocimacro : adding VMs from VM library template : VM_global_library.vm
2016-12-11 23:45:04,499 - ResourceManager : unable to find resource 'VM_global_library.vm' in any resource loader.
2016-12-11 23:45:04,499 - Velocimacro : error using  VM library template VM_global_library.vm : org.apache.velocity.exception.ResourceNotFoundException: Unable to find resource 'VM_global_library.vm'
2016-12-11 23:45:04,499 - Velocimacro :  VM library template macro registration complete.
2016-12-11 23:45:04,499 - Velocimacro : allowInline = true : VMs can be defined inline in templates
2016-12-11 23:45:04,499 - Velocimacro : allowInlineToOverride = false : VMs defined inline may NOT replace previous VM definitions
2016-12-11 23:45:04,499 - Velocimacro : allowInlineLocal = false : VMs defined inline will be  global in scope if allowed.
2016-12-11 23:45:04,499 - Velocimacro : messages on  : VM system will output logging messages
2016-12-11 23:45:04,499 - Velocimacro : autoload off  : VM system will not automatically reload global library macros
2016-12-11 23:45:04,499 - Velocimacro : initialization complete.
2016-12-11 23:45:04,499 - Velocity successfully started.
2016-12-11 23:45:58,989 - ResourceManager : found repast/simphony/scenario/Scenario.vt with loader org.apache.velocity.runtime.resource.loader.ClasspathResourceLoader
